Построение начато 08.03.2016 19:00:25.
     1>Проект "C:\Users\User\documents\visual studio 2010\Projects\lab1\lab1\lab1.vcxproj" в узле 2 (целевые объекты build).
     1>InitializeBuildStatus:
         Создание "Debug\lab1.unsuccessfulbuild", так как было задано "AlwaysCreate".
       ClCompile:
         C:\Program Files (x86)\Microsoft Visual Studio 10.0\VC\bin\CL.exe /c /ZI /nologo /W3 /WX- /Od /Oy- /D _MBCS /Gm /EHsc /RTC1 /MDd /GS /fp:precise /Zc:wchar_t /Zc:forScope /Fo"Debug\\" /Fd"Debug\vc100.pdb" /Gd /TC /analyze- /errorReport:prompt lab1.c
         lab1.c
     1>c:\users\user\documents\visual studio 2010\projects\lab1\lab1\lab1.c(12): warning C4996: 'scanf': This function or variable may be unsafe. Consider using scanf_s instead. To disable deprecation, use _CRT_SECURE_NO_WARNINGS. See online help for details.
                 c:\program files (x86)\microsoft visual studio 10.0\vc\include\stdio.h(304): см. объявление "scanf"
     1>c:\users\user\documents\visual studio 2010\projects\lab1\lab1\lab1.c(14): warning C4996: 'scanf': This function or variable may be unsafe. Consider using scanf_s instead. To disable deprecation, use _CRT_SECURE_NO_WARNINGS. See online help for details.
                 c:\program files (x86)\microsoft visual studio 10.0\vc\include\stdio.h(304): см. объявление "scanf"
     1>c:\users\user\documents\visual studio 2010\projects\lab1\lab1\lab1.c(15): warning C4244: функция: преобразование "int" в "float", возможна потеря данных
     1>c:\users\user\documents\visual studio 2010\projects\lab1\lab1\lab1.c(20): warning C4013: system: нет определения; предполагается "extern" с возвратом типа "int"
       Link:
         C:\Program Files (x86)\Microsoft Visual Studio 10.0\VC\bin\link.exe /ERRORREPORT:PROMPT /OUT:"C:\Users\User\documents\visual studio 2010\Projects\lab1\Debug\lab1.exe" /NOLOGO kernel32.lib user32.lib gdi32.lib winspool.lib comdlg32.lib advapi32.lib shell32.lib ole32.lib oleaut32.lib uuid.lib odbc32.lib odbccp32.lib /MANIFEST /ManifestFile:"Debug\lab1.exe.intermediate.manifest" /MANIFESTUAC:"level='asInvoker' uiAccess='false'" /DEBUG /PDB:"C:\Users\User\documents\visual studio 2010\Projects\lab1\Debug\lab1.pdb" /TLBID:1 /DYNAMICBASE /NXCOMPAT /IMPLIB:"C:\Users\User\documents\visual studio 2010\Projects\lab1\Debug\lab1.lib" /MACHINE:X86 Debug\lab1.obj
         LINK : не найден или не выполнена сборка C:\Users\User\documents\visual studio 2010\Projects\lab1\Debug\lab1.exe при последней инкрементной компоновке; выполняется полная компоновка
         lab1.vcxproj -> C:\Users\User\documents\visual studio 2010\Projects\lab1\Debug\lab1.exe
       Manifest:
         C:\Program Files (x86)\Microsoft SDKs\Windows\v7.0A\bin\mt.exe /nologo /verbose /outputresource:"C:\Users\User\documents\visual studio 2010\Projects\lab1\Debug\lab1.exe;#1" /manifest Debug\lab1.exe.intermediate.manifest
       FinalizeBuildStatus:
         Файл "Debug\lab1.unsuccessfulbuild" удаляется.
         Обращение к "Debug\lab1.lastbuildstate".
     1>Построение проекта "C:\Users\User\documents\visual studio 2010\Projects\lab1\lab1\lab1.vcxproj" завершено (целевые объекты build).

Построение успешно завершено.

Затраченное время: 00:00:01.37
