  Source.c
d:\документы\visual studio 2015\projects\console\console\source.c(33): warning C4133: 'function': incompatible types - from 'IntList *' to 'IntNode *'
d:\документы\visual studio 2015\projects\console\console\source.c(36): warning C4133: 'function': incompatible types - from 'IntList *' to 'IntNode *'
  List.c
  Myfunction.c
d:\документы\visual studio 2015\projects\console\console\myfunction.c(81): warning C4133: 'function': incompatible types - from 'IntNode *' to 'const IntList *'
d:\документы\visual studio 2015\projects\console\console\myfunction.c(86): warning C4133: 'function': incompatible types - from 'IntNode *' to 'const IntList *'
d:\документы\visual studio 2015\projects\console\console\myfunction.c(87): warning C4133: 'function': incompatible types - from 'IntNode *' to 'const IntList *'
d:\документы\visual studio 2015\projects\console\console\myfunction.c(102): warning C4133: 'function': incompatible types - from 'IntNode *' to 'const IntList *'
d:\документы\visual studio 2015\projects\console\console\myfunction.c(103): warning C4133: 'function': incompatible types - from 'IntNode *' to 'const IntList *'
d:\документы\visual studio 2015\projects\console\console\myfunction.c(118): warning C4133: 'function': incompatible types - from 'IntNode *' to 'IntList *'
d:\документы\visual studio 2015\projects\console\console\myfunction.c(123): warning C4133: 'function': incompatible types - from 'IntNode *' to 'IntList *'
d:\документы\visual studio 2015\projects\console\console\myfunction.c(133): warning C4133: 'function': incompatible types - from 'IntNode *' to 'const IntList *'
d:\документы\visual studio 2015\projects\console\console\myfunction.c(135): warning C4133: 'function': incompatible types - from 'IntNode *' to 'const IntList *'
d:\документы\visual studio 2015\projects\console\console\myfunction.c(136): warning C4133: 'function': incompatible types - from 'IntNode *' to 'const IntList *'
d:\документы\visual studio 2015\projects\console\console\myfunction.c(137): warning C4133: 'function': incompatible types - from 'IntNode *' to 'const IntList *'
d:\документы\visual studio 2015\projects\console\console\myfunction.c(142): warning C4133: 'function': incompatible types - from 'IntNode *' to 'IntList *'
  Generating Code...
d:\документы\visual studio 2015\projects\console\console\list.c(112): warning C4715: 'RemovedNode': not all control paths return a value
  Console.vcxproj -> d:\документы\visual studio 2015\Projects\Console\x64\Debug\Console.exe
