Build started 08.05.2016 12:44:42.
     1>Project "C:\Users\Теска\documents\visual studio 2013\Projects\Project1\Project1\Project1.vcxproj" on node 2 (Build target(s)).
     1>ClCompile:
         C:\Program Files (x86)\Microsoft Visual Studio 12.0\VC\bin\CL.exe /c /ZI /nologo /W3 /WX- /sdl /Od /Oy- /D _MBCS /Gm /EHsc /RTC1 /MDd /GS /fp:precise /Zc:wchar_t /Zc:forScope /Fo"Debug\\" /Fd"Debug\vc120.pdb" /Gd /TC /analyze- /errorReport:prompt ..\..\..\..\..\Desktop\List.c main.c
         main.c
     1>c:\users\теска\documents\visual studio 2013\projects\project1\project1\main.c(17): warning C4013: 'doList' undefined; assuming extern returning int
     1>c:\users\теска\documents\visual studio 2013\projects\project1\project1\main.c(17): warning C4047: 'initializing' : 'List *' differs in levels of indirection from 'int'
     1>c:\users\теска\documents\visual studio 2013\projects\project1\project1\main.c(19): warning C4013: 'findMinNode' undefined; assuming extern returning int
     1>c:\users\теска\documents\visual studio 2013\projects\project1\project1\main.c(19): warning C4047: 'initializing' : 'IntNode *' differs in levels of indirection from 'int'
     1>c:\users\теска\documents\visual studio 2013\projects\project1\project1\main.c(21): warning C4013: 'findMaxNode' undefined; assuming extern returning int
     1>c:\users\теска\documents\visual studio 2013\projects\project1\project1\main.c(21): warning C4047: 'initializing' : 'IntNode *' differs in levels of indirection from 'int'
     1>c:\users\теска\documents\visual studio 2013\projects\project1\project1\main.c(30): warning C4133: 'function' : incompatible types - from 'List *' to 'int *'
     1>c:\users\теска\documents\visual studio 2013\projects\project1\project1\main.c(30): warning C4020: 'Sorting' : too many actual parameters
     1>c:\users\теска\documents\visual studio 2013\projects\project1\project1\main.c(31): warning C4013: 'system' undefined; assuming extern returning int
     1>c:\users\теска\documents\visual studio 2013\projects\project1\project1\main.c(37): warning C4013: 'CountList' undefined; assuming extern returning int
     1>c:\users\теска\documents\visual studio 2013\projects\project1\project1\main.c(39): warning C4013: 'NodeAtIndex' undefined; assuming extern returning int
     1>c:\users\теска\documents\visual studio 2013\projects\project1\project1\main.c(39): warning C4047: 'initializing' : 'IntNode *' differs in levels of indirection from 'int'
     1>c:\users\теска\documents\visual studio 2013\projects\project1\project1\main.c(48): warning C4028: formal parameter 1 different from declaration
     1>c:\users\теска\documents\visual studio 2013\projects\project1\project1\main.c(48): warning C4029: declared formal parameter list different from definition
     1>c:\users\теска\documents\visual studio 2013\projects\project1\project1\main.c(53): warning C4047: 'initializing' : 'IntNode *' differs in levels of indirection from 'int'
     1>c:\users\теска\documents\visual studio 2013\projects\project1\project1\main.c(57): warning C4047: 'initializing' : 'IntNode *' differs in levels of indirection from 'int'
         List.c
         Generating Code...
       Link:
         C:\Program Files (x86)\Microsoft Visual Studio 12.0\VC\bin\link.exe /ERRORREPORT:PROMPT /OUT:"C:\Users\Теска\documents\visual studio 2013\Projects\Project1\Debug\Project1.exe" /INCREMENTAL /NOLOGO kernel32.lib user32.lib gdi32.lib winspool.lib comdlg32.lib advapi32.lib shell32.lib ole32.lib oleaut32.lib uuid.lib odbc32.lib odbccp32.lib /MANIFEST /MANIFESTUAC:"level='asInvoker' uiAccess='false'" /manifest:embed /DEBUG /PDB:"C:\Users\Теска\documents\visual studio 2013\Projects\Project1\Debug\Project1.pdb" /TLBID:1 /DYNAMICBASE /NXCOMPAT /IMPLIB:"C:\Users\Теска\documents\visual studio 2013\Projects\Project1\Debug\Project1.lib" /MACHINE:X86 Debug\List.obj
         Debug\Node.obj
         Debug\main.obj
         Project1.vcxproj -> C:\Users\Теска\documents\visual studio 2013\Projects\Project1\Debug\Project1.exe
     1>Done Building Project "C:\Users\Теска\documents\visual studio 2013\Projects\Project1\Project1\Project1.vcxproj" (Build target(s)).

Build succeeded.

Time Elapsed 00:00:00.54
