Сборка начата 30.03.2016 22:18:18.
     1>Проект "D:\VSPROG\ConsoleApplication4\ConsoleApplication4\ConsoleApplication4.vcxproj" в узле 2 (целевые объекты Build).
     1>ClCompile:
         C:\Program Files (x86)\Microsoft Visual Studio 14.0\VC\bin\x86_amd64\CL.exe /c /ZI /nologo /W3 /WX- /sdl /Od /D _DEBUG /D _CONSOLE /D _UNICODE /D UNICODE /Gm /EHsc /RTC1 /MDd /GS /fp:precise /Zc:wchar_t /Zc:forScope /Zc:inline /Fo"x64\Debug\\" /Fd"x64\Debug\vc140.pdb" /Gd /TC /errorReport:prompt Function.c
         Function.c
     1>d:\vsprog\consoleapplication4\consoleapplication4\function.c(76): warning C4133: функция: несовместимые типы - из "IntNode *" в "const IntList *"
     1>d:\vsprog\consoleapplication4\consoleapplication4\function.c(78): warning C4133: функция: несовместимые типы - из "IntNode *" в "const IntList *"
     1>d:\vsprog\consoleapplication4\consoleapplication4\function.c(81): warning C4133: функция: несовместимые типы - из "IntNode *" в "const IntList *"
     1>d:\vsprog\consoleapplication4\consoleapplication4\function.c(74): warning C4101: max: неиспользованная локальная переменная
     1>d:\vsprog\consoleapplication4\consoleapplication4\function.c(103): warning C4133: функция: несовместимые типы - из "IntNode *" в "const IntList *"
     1>d:\vsprog\consoleapplication4\consoleapplication4\function.c(105): warning C4133: функция: несовместимые типы - из "IntNode *" в "const IntList *"
     1>d:\vsprog\consoleapplication4\consoleapplication4\function.c(107): warning C4133: функция: несовместимые типы - из "IntNode *" в "const IntList *"
     1>d:\vsprog\consoleapplication4\consoleapplication4\function.c(130): warning C4133: функция: несовместимые типы - из "IntNode *" в "const IntList *"
     1>d:\vsprog\consoleapplication4\consoleapplication4\function.c(144): warning C4133: функция: несовместимые типы - из "IntNode *" в "const IntList *"
     1>d:\vsprog\consoleapplication4\consoleapplication4\function.c(145): warning C4133: функция: несовместимые типы - из "IntNode *" в "const IntList *"
     1>d:\vsprog\consoleapplication4\consoleapplication4\function.c(160): warning C4133: функция: несовместимые типы - из "IntNode *" в "IntList *"
     1>d:\vsprog\consoleapplication4\consoleapplication4\function.c(165): warning C4133: функция: несовместимые типы - из "IntNode *" в "IntList *"
     1>d:\vsprog\consoleapplication4\consoleapplication4\function.c(126): warning C4101: max: неиспользованная локальная переменная
       Link:
         C:\Program Files (x86)\Microsoft Visual Studio 14.0\VC\bin\x86_amd64\link.exe /ERRORREPORT:PROMPT /OUT:"D:\VSPROG\ConsoleApplication4\x64\Debug\ConsoleApplication4.exe" /INCREMENTAL /NOLOGO kernel32.lib user32.lib gdi32.lib winspool.lib comdlg32.lib advapi32.lib shell32.lib ole32.lib oleaut32.lib uuid.lib odbc32.lib odbccp32.lib /MANIFEST /MANIFESTUAC:"level='asInvoker' uiAccess='false'" /manifest:embed /Debug /PDB:"D:\VSPROG\ConsoleApplication4\x64\Debug\ConsoleApplication4.pdb" /SUBSYSTEM:CONSOLE /TLBID:1 /DYNAMICBASE /NXCOMPAT /IMPLIB:"D:\VSPROG\ConsoleApplication4\x64\Debug\ConsoleApplication4.lib" /MACHINE:X64 x64\Debug\Function.obj
         x64\Debug\FunctionList.obj
         x64\Debug\main.obj
         ConsoleApplication4.vcxproj -> D:\VSPROG\ConsoleApplication4\x64\Debug\ConsoleApplication4.exe
     1>Сборка проекта "D:\VSPROG\ConsoleApplication4\ConsoleApplication4\ConsoleApplication4.vcxproj" завершена (целевые объекты Build).

Сборка успешно завершена.

Затраченное время: 00:00:00.57
