Сборка начата 08.04.2016 7:58:12.
     1>Проект "C:\Users\Home\Desktop\Homework2\Homework2\Homework2.vcxproj" в узле 2 (целевые объекты Build).
     1>ClCompile:
         D:\VC2013\VC\bin\CL.exe /c /ZI /nologo /W3 /WX- /sdl /Od /Oy- /D _MBCS /Gm /EHsc /RTC1 /MDd /GS /fp:precise /Zc:wchar_t /Zc:forScope /Fo"Debug\\" /Fd"Debug\vc120.pdb" /Gd /TC /analyze- /errorReport:prompt main.c
         main.c
     1>c:\users\home\desktop\homework2\homework2\main.c(15): warning C4013: system: нет определения; предполагается "extern" с возвратом типа "int"
     1>c:\users\home\desktop\homework2\homework2\main.c(23): warning C4020: setValueAtIndex: слишком много фактических параметров
     1>c:\users\home\desktop\homework2\homework2\main.c(24): warning C4020: setValueAtIndex: слишком много фактических параметров
     1>c:\users\home\desktop\homework2\homework2\main.c(25): warning C4020: setValueAtIndex: слишком много фактических параметров
     1>c:\users\home\desktop\homework2\homework2\main.c(26): warning C4020: setValueAtIndex: слишком много фактических параметров
     1>c:\users\home\desktop\homework2\homework2\main.c(27): warning C4020: setValueAtIndex: слишком много фактических параметров
     1>c:\users\home\desktop\homework2\homework2\main.c(32): warning C4020: setValueAtIndex: слишком много фактических параметров
     1>c:\users\home\desktop\homework2\homework2\main.c(33): warning C4020: setValueAtIndex: слишком много фактических параметров
     1>c:\users\home\desktop\homework2\homework2\main.c(34): warning C4020: setValueAtIndex: слишком много фактических параметров
     1>c:\users\home\desktop\homework2\homework2\main.c(36): warning C4020: setValueAtIndex: слишком много фактических параметров
       Link:
         D:\VC2013\VC\bin\link.exe /ERRORREPORT:PROMPT /OUT:"C:\Users\Home\Desktop\Homework2\Debug\Homework2.exe" /INCREMENTAL /NOLOGO kernel32.lib user32.lib gdi32.lib winspool.lib comdlg32.lib advapi32.lib shell32.lib ole32.lib oleaut32.lib uuid.lib odbc32.lib odbccp32.lib /MANIFEST /MANIFESTUAC:"level='asInvoker' uiAccess='false'" /manifest:embed /DEBUG /PDB:"C:\Users\Home\Desktop\Homework2\Debug\Homework2.pdb" /TLBID:1 /DYNAMICBASE /NXCOMPAT /IMPLIB:"C:\Users\Home\Desktop\Homework2\Debug\Homework2.lib" /MACHINE:X86 Debug\DynamicArray.obj
         Debug\main.obj
         Homework2.vcxproj -> C:\Users\Home\Desktop\Homework2\Debug\Homework2.exe
     1>Сборка проекта "C:\Users\Home\Desktop\Homework2\Homework2\Homework2.vcxproj" завершена (целевые объекты Build).

Сборка успешно завершена.

Затраченное время: 00:00:00.35
