Сборка начата 17.05.2016 16:58:09.
     1>Проект "C:\Users\Солнце\Documents\GitHub\2016\dk51\serfedor\Homework3\Lab2\Lab2.vcxproj" в узле 2 (целевые объекты Build).
     1>C:\Program Files\MSBuild\Microsoft.Cpp\v4.0\V120\Microsoft.CppBuild.targets(388,5): warning MSB8028: The intermediate directory (Debug\) contains files shared from another project (Lab2.vcxproj).  This can lead to incorrect clean and rebuild behavior.
     1>ClCompile:
         D:\Programm Files\VC\bin\CL.exe /c /ZI /nologo /W3 /WX- /sdl /Od /Oy- /D _MBCS /Gm /EHsc /RTC1 /MDd /GS /fp:precise /Zc:wchar_t /Zc:forScope /Fo"Debug\\" /Fd"Debug\vc120.pdb" /Gd /TC /analyze- /errorReport:prompt RingList.c main.c
         main.c
     1>c:\users\солнце\documents\github\2016\dk51\serfedor\homework3\lab2\main.c(21): warning C4013: swapNodeAtList: нет определения; предполагается "extern" с возвратом типа "int"
     1>c:\users\солнце\documents\github\2016\dk51\serfedor\homework3\lab2\main.c(21): warning C4047: функция: "const RingList *" отличается по уровням косвенного обращения от "int"
     1>c:\users\солнце\documents\github\2016\dk51\serfedor\homework3\lab2\main.c(21): warning C4024: doPrintList: различные типы для формального и фактического параметров 1
     1>c:\users\солнце\documents\github\2016\dk51\serfedor\homework3\lab2\main.c(23): warning C4133: функция: несовместимые типы - из "RingList *" в "IntNode *"
     1>c:\users\солнце\documents\github\2016\dk51\serfedor\homework3\lab2\main.c(31): warning C4133: функция: несовместимые типы - из "RingList *" в "IntNode *"
     1>c:\users\солнце\documents\github\2016\dk51\serfedor\homework3\lab2\main.c(33): warning C4013: system: нет определения; предполагается "extern" с возвратом типа "int"
     1>c:\users\солнце\documents\github\2016\dk51\serfedor\homework3\lab2\main.c(39): warning C4013: CountList: нет определения; предполагается "extern" с возвратом типа "int"
         RingList.c
     1>c:\users\солнце\documents\github\2016\dk51\serfedor\homework3\lab2\ringlist.c(50): warning C4013: CountList: нет определения; предполагается "extern" с возвратом типа "int"
     1>c:\users\солнце\documents\github\2016\dk51\serfedor\homework3\lab2\ringlist.c(234): warning C4133: функция: несовместимые типы - из "IntNode *" в "const RingList *"
     1>c:\users\солнце\documents\github\2016\dk51\serfedor\homework3\lab2\ringlist.c(237): warning C4133: функция: несовместимые типы - из "IntNode *" в "const RingList *"
     1>c:\users\солнце\documents\github\2016\dk51\serfedor\homework3\lab2\ringlist.c(238): warning C4133: функция: несовместимые типы - из "IntNode *" в "const RingList *"
     1>c:\users\солнце\documents\github\2016\dk51\serfedor\homework3\lab2\ringlist.c(253): warning C4133: функция: несовместимые типы - из "IntNode *" в "RingList *"
     1>c:\users\солнце\documents\github\2016\dk51\serfedor\homework3\lab2\ringlist.c(266): warning C4133: функция: несовместимые типы - из "IntNode *" в "const RingList *"
     1>c:\users\солнце\documents\github\2016\dk51\serfedor\homework3\lab2\ringlist.c(269): warning C4133: функция: несовместимые типы - из "IntNode *" в "const RingList *"
     1>c:\users\солнце\documents\github\2016\dk51\serfedor\homework3\lab2\ringlist.c(271): warning C4133: функция: несовместимые типы - из "IntNode *" в "const RingList *"
     1>c:\users\солнце\documents\github\2016\dk51\serfedor\homework3\lab2\ringlist.c(275): warning C4133: функция: несовместимые типы - из "IntNode *" в "const RingList *"
         Создание кода...
     1>c:\users\солнце\documents\github\2016\dk51\serfedor\homework3\lab2\ringlist.c(193): warning C4715: RemovedNodeAtIndex: значение возвращается не при всех путях выполнения
       Link:
         D:\Programm Files\VC\bin\link.exe /ERRORREPORT:PROMPT /OUT:"C:\Users\Солнце\Documents\GitHub\2016\dk51\serfedor\Homework3\Debug\Homework3.exe" /INCREMENTAL /NOLOGO kernel32.lib user32.lib gdi32.lib winspool.lib comdlg32.lib advapi32.lib shell32.lib ole32.lib oleaut32.lib uuid.lib odbc32.lib odbccp32.lib /MANIFEST /MANIFESTUAC:"level='asInvoker' uiAccess='false'" /manifest:embed /DEBUG /PDB:"C:\Users\Солнце\Documents\GitHub\2016\dk51\serfedor\Homework3\Debug\Homework3.pdb" /TLBID:1 /DYNAMICBASE /NXCOMPAT /IMPLIB:"C:\Users\Солнце\Documents\GitHub\2016\dk51\serfedor\Homework3\Debug\Homework3.lib" /MACHINE:X86 Debug\main.obj
         Debug\Node.obj
         Debug\RingList.obj
         Lab2.vcxproj -> C:\Users\Солнце\Documents\GitHub\2016\dk51\serfedor\Homework3\Debug\Homework3.exe
     1>Сборка проекта "C:\Users\Солнце\Documents\GitHub\2016\dk51\serfedor\Homework3\Lab2\Lab2.vcxproj" завершена (целевые объекты Build).

Сборка успешно завершена.

Затраченное время: 00:00:03.81
