  Case.c
d:\документы\visual studio 2015\projects\sort_v2\sort_v2\case.c(19): warning C4013: 'CreateArray' undefined; assuming extern returning int
d:\документы\visual studio 2015\projects\sort_v2\sort_v2\case.c(37): warning C4013: 'bubbleSort' undefined; assuming extern returning int
d:\документы\visual studio 2015\projects\sort_v2\sort_v2\case.c(40): warning C4013: 'selectionSort' undefined; assuming extern returning int
d:\документы\visual studio 2015\projects\sort_v2\sort_v2\case.c(42): warning C4013: 'insertionSort' undefined; assuming extern returning int
d:\документы\visual studio 2015\projects\sort_v2\sort_v2\case.c(43): warning C4013: 'shellSort' undefined; assuming extern returning int
d:\документы\visual studio 2015\projects\sort_v2\sort_v2\case.c(49): warning C4013: 'quickSort' undefined; assuming extern returning int
d:\документы\visual studio 2015\projects\sort_v2\sort_v2\case.c(59): warning C4013: 'quickSort_v2' undefined; assuming extern returning int
d:\документы\visual studio 2015\projects\sort_v2\sort_v2\case.c(16): warning C4996: 'fopen': This function or variable may be unsafe. Consider using fopen_s instead. To disable deprecation, use _CRT_SECURE_NO_WARNINGS. See online help for details.
  c:\program files (x86)\windows kits\10\include\10.0.10240.0\ucrt\stdio.h(205): note: see declaration of 'fopen'
d:\документы\visual studio 2015\projects\sort_v2\sort_v2\case.c(19): warning C4047: 'initializing': 'int *' differs in levels of indirection from 'int'
d:\документы\visual studio 2015\projects\sort_v2\sort_v2\case.c(18): warning C4101: 'arrSize': unreferenced local variable
d:\документы\visual studio 2015\projects\sort_v2\sort_v2\case.c(71): warning C4996: 'fopen': This function or variable may be unsafe. Consider using fopen_s instead. To disable deprecation, use _CRT_SECURE_NO_WARNINGS. See online help for details.
  c:\program files (x86)\windows kits\10\include\10.0.10240.0\ucrt\stdio.h(205): note: see declaration of 'fopen'
d:\документы\visual studio 2015\projects\sort_v2\sort_v2\case.c(74): warning C4047: 'initializing': 'int *' differs in levels of indirection from 'int'
d:\документы\visual studio 2015\projects\sort_v2\sort_v2\case.c(73): warning C4101: 'arrSize': unreferenced local variable
d:\документы\visual studio 2015\projects\sort_v2\sort_v2\case.c(124): warning C4996: 'fopen': This function or variable may be unsafe. Consider using fopen_s instead. To disable deprecation, use _CRT_SECURE_NO_WARNINGS. See online help for details.
  c:\program files (x86)\windows kits\10\include\10.0.10240.0\ucrt\stdio.h(205): note: see declaration of 'fopen'
d:\документы\visual studio 2015\projects\sort_v2\sort_v2\case.c(127): warning C4047: 'initializing': 'int *' differs in levels of indirection from 'int'
d:\документы\visual studio 2015\projects\sort_v2\sort_v2\case.c(126): warning C4101: 'arrSize': unreferenced local variable
d:\документы\visual studio 2015\projects\sort_v2\sort_v2\case.c(177): warning C4996: 'fopen': This function or variable may be unsafe. Consider using fopen_s instead. To disable deprecation, use _CRT_SECURE_NO_WARNINGS. See online help for details.
  c:\program files (x86)\windows kits\10\include\10.0.10240.0\ucrt\stdio.h(205): note: see declaration of 'fopen'
d:\документы\visual studio 2015\projects\sort_v2\sort_v2\case.c(180): warning C4047: 'initializing': 'int *' differs in levels of indirection from 'int'
d:\документы\visual studio 2015\projects\sort_v2\sort_v2\case.c(179): warning C4101: 'arrSize': unreferenced local variable
d:\документы\visual studio 2015\projects\sort_v2\sort_v2\case.c(226): warning C4716: 'Sorting_10000': must return a value
d:\документы\visual studio 2015\projects\sort_v2\sort_v2\case.c(68): warning C4716: 'Sorting_500': must return a value
d:\документы\visual studio 2015\projects\sort_v2\sort_v2\case.c(174): warning C4716: 'Sorting_5000': must return a value
d:\документы\visual studio 2015\projects\sort_v2\sort_v2\case.c(121): warning C4716: 'Sorting_1000': must return a value
  sort_v2.vcxproj -> d:\документы\visual studio 2015\Projects\sort_v2\Debug\sort_v2.exe
