Построение начато 17.03.2016 23:41:27.
     1>Проект "c:\Users\User\documents\visual studio 2010\Projects\wqwerqwer\wqwerqwer\wqwerqwer.vcxproj" в узле 2 (целевые объекты build).
     1>InitializeBuildStatus:
         Создание "Debug\wqwerqwer.unsuccessfulbuild", так как было задано "AlwaysCreate".
       ClCompile:
         C:\Program Files (x86)\Microsoft Visual Studio 10.0\VC\bin\CL.exe /c /ZI /nologo /W3 /WX- /Od /Oy- /D WIN32 /D _DEBUG /D _CONSOLE /D _UNICODE /D UNICODE /Gm /EHsc /RTC1 /MDd /GS /fp:precise /Zc:wchar_t /Zc:forScope /Fo"Debug\\" /Fd"Debug\vc100.pdb" /Gd /TC /analyze- /errorReport:prompt wrqweadsf.c
         wrqweadsf.c
     1>c:\users\user\documents\visual studio 2010\projects\wqwerqwer\wqwerqwer\wrqweadsf.c(13): warning C4996: 'scanf': This function or variable may be unsafe. Consider using scanf_s instead. To disable deprecation, use _CRT_SECURE_NO_WARNINGS. See online help for details.
                 c:\program files (x86)\microsoft visual studio 10.0\vc\include\stdio.h(304): см. объявление "scanf"
     1>c:\users\user\documents\visual studio 2010\projects\wqwerqwer\wqwerqwer\wrqweadsf.c(15): warning C4996: 'scanf': This function or variable may be unsafe. Consider using scanf_s instead. To disable deprecation, use _CRT_SECURE_NO_WARNINGS. See online help for details.
                 c:\program files (x86)\microsoft visual studio 10.0\vc\include\stdio.h(304): см. объявление "scanf"
     1>c:\users\user\documents\visual studio 2010\projects\wqwerqwer\wqwerqwer\wrqweadsf.c(19): warning C4996: 'scanf': This function or variable may be unsafe. Consider using scanf_s instead. To disable deprecation, use _CRT_SECURE_NO_WARNINGS. See online help for details.
                 c:\program files (x86)\microsoft visual studio 10.0\vc\include\stdio.h(304): см. объявление "scanf"
     1>c:\users\user\documents\visual studio 2010\projects\wqwerqwer\wqwerqwer\wrqweadsf.c(25): warning C4244: функция: преобразование "int" в "float", возможна потеря данных
       ManifestResourceCompile:
         Для всех выходных данных обновления не требуется.
       Link:
         C:\Program Files (x86)\Microsoft Visual Studio 10.0\VC\bin\link.exe /ERRORREPORT:PROMPT /OUT:"c:\users\user\documents\visual studio 2010\Projects\wqwerqwer\Debug\wqwerqwer.exe" /INCREMENTAL /NOLOGO kernel32.lib user32.lib gdi32.lib winspool.lib comdlg32.lib advapi32.lib shell32.lib ole32.lib oleaut32.lib uuid.lib odbc32.lib odbccp32.lib /MANIFEST /ManifestFile:"Debug\wqwerqwer.exe.intermediate.manifest" /MANIFESTUAC:"level='asInvoker' uiAccess='false'" /DEBUG /PDB:"c:\users\user\documents\visual studio 2010\Projects\wqwerqwer\Debug\wqwerqwer.pdb" /SUBSYSTEM:CONSOLE /TLBID:1 /DYNAMICBASE /NXCOMPAT /IMPLIB:"c:\users\user\documents\visual studio 2010\Projects\wqwerqwer\Debug\wqwerqwer.lib" /MACHINE:X86 Debug\wqwerqwer.exe.embed.manifest.res
         Debug\wrqweadsf.obj
       Manifest:
         C:\Program Files (x86)\Microsoft SDKs\Windows\v7.0A\bin\mt.exe /nologo /verbose /out:"Debug\wqwerqwer.exe.embed.manifest" /manifest Debug\wqwerqwer.exe.intermediate.manifest
         Для всех выходных данных обновления не требуется.
       LinkEmbedManifest:
         Для всех выходных данных обновления не требуется.
         wqwerqwer.vcxproj -> c:\users\user\documents\visual studio 2010\Projects\wqwerqwer\Debug\wqwerqwer.exe
       FinalizeBuildStatus:
         Файл "Debug\wqwerqwer.unsuccessfulbuild" удаляется.
         Обращение к "Debug\wqwerqwer.lastbuildstate".
     1>Построение проекта "c:\Users\User\documents\visual studio 2010\Projects\wqwerqwer\wqwerqwer\wqwerqwer.vcxproj" завершено (целевые объекты build).

Построение успешно завершено.

Затраченное время: 00:00:01.38
